*** Using Compiler 'V5.06 update 7 (build 960)', folder: 'D:\keil\ARM\ARMCC\Bin'
Build target 'infantry1'
assembling startup_stm32f103xb.s...
compiling main.c...
../Core/Src/main.c(144): error:  #167: argument of type "void (*)()" is incompatible with parameter of type "UART_Call_Back"
    Uart_Init(&huart3, rx_buffer, 10, Serialplot_Call_Back);
../Core/Src/main.c(146): error:  #20: identifier "PID_set" is undefined
    PID_set();
../Core/Src/main.c(148): error:  #20: identifier "ADC_Init" is undefined
    ADC_Init();
../Core/Src/main.c(162): error:  #20: identifier "speed1" is undefined
      Motor_Control();
../Core/Src/main.c(162): error:  #158: expression must be an lvalue or a function designator
      Motor_Control();
../Core/Src/main.c(162): error:  #20: identifier "dir1" is undefined
      Motor_Control();
../Core/Src/main.c(162): error:  #20: identifier "speed2" is undefined
      Motor_Control();
../Core/Src/main.c(162): error:  #158: expression must be an lvalue or a function designator
      Motor_Control();
../Core/Src/main.c(162): error:  #20: identifier "dir2" is undefined
      Motor_Control();
../Core/Src/main.c(162): error:  #20: identifier "speed3" is undefined
      Motor_Control();
../Core/Src/main.c(162): error:  #158: expression must be an lvalue or a function designator
      Motor_Control();
../Core/Src/main.c(162): error:  #20: identifier "dir3" is undefined
      Motor_Control();
../Core/Src/main.c(162): error:  #20: identifier "speed4" is undefined
      Motor_Control();
../Core/Src/main.c(162): error:  #158: expression must be an lvalue or a function designator
      Motor_Control();
../Core/Src/main.c(162): error:  #20: identifier "dir4" is undefined
      Motor_Control();
../Core/Src/main.c(162): error:  #20: identifier "speed5" is undefined
      Motor_Control();
../Core/Src/main.c(162): error:  #158: expression must be an lvalue or a function designator
      Motor_Control();
../Core/Src/main.c(162): error:  #20: identifier "dir5" is undefined
      Motor_Control();
../Core/Src/main.c(162): error:  #20: identifier "speed_snail" is undefined
      Motor_Control();
../Core/Src/main.c(162): error:  #20: identifier "angle_servo" is undefined
      Motor_Control();
../Core/Src/main.c(162): error:  #158: expression must be an lvalue or a function designator
      Motor_Control();
../Core/Src/main.c(163): error:  #20: identifier "ADC_Check" is undefined
      ADC_Check();
../Core/Src/main.c: 0 warnings, 22 errors
compiling drv_uart.c...
E:\æ ¡å†…\ç”µæŽ§\my_drv\drv_uart.c(76): error:  #20: identifier "UART4" is undefined
      else if (huart->Instance == UART4)
E:\æ ¡å†…\ç”µæŽ§\my_drv\drv_uart.c(83): error:  #20: identifier "UART5" is undefined
      else if (huart->Instance == UART5)
E:\æ ¡å†…\ç”µæŽ§\my_drv\drv_uart.c(90): error:  #20: identifier "USART6" is undefined
      else if (huart->Instance == USART6)
E:\æ ¡å†…\ç”µæŽ§\my_drv\drv_uart.c(97): error:  #20: identifier "UART7" is undefined
      else if (huart->Instance == UART7)
E:\æ ¡å†…\ç”µæŽ§\my_drv\drv_uart.c(104): error:  #20: identifier "UART8" is undefined
      else if (huart->Instance == UART8)
E:\æ ¡å†…\ç”µæŽ§\my_drv\drv_uart.c(160): error:  #20: identifier "UART4" is undefined
      else if (huart->Instance == UART4)
E:\æ ¡å†…\ç”µæŽ§\my_drv\drv_uart.c(165): error:  #20: identifier "UART5" is undefined
      else if (huart->Instance == UART5)
E:\æ ¡å†…\ç”µæŽ§\my_drv\drv_uart.c(170): error:  #20: identifier "USART6" is undefined
      else if (huart->Instance == USART6)
E:\æ ¡å†…\ç”µæŽ§\my_drv\drv_uart.c(175): error:  #20: identifier "UART7" is undefined
      else if (huart->Instance == UART7)
E:\æ ¡å†…\ç”µæŽ§\my_drv\drv_uart.c(180): error:  #20: identifier "UART8" is undefined
      else if (huart->Instance == UART8)
E:\Ð£ÄÚ\µç¿Ø\my_drv\drv_uart.c: 0 warnings, 10 errors
compiling usart.c...
compiling tim.c...
compiling gpio.c...
compiling stm32f1xx_hal_cortex.c...
compiling dma.c...
compiling stm32f1xx_hal_exti.c...
compiling stm32f1xx_hal_rcc_ex.c...
compiling stm32f1xx_it.c...
compiling stm32f1xx_hal_pwr.c...
compiling stm32f1xx_hal.c...
compiling adc.c...
compiling stm32f1xx_hal_flash.c...
compiling stm32f1xx_hal_gpio_ex.c...
compiling stm32f1xx_hal_msp.c...
compiling stm32f1xx_hal_flash_ex.c...
compiling stm32f1xx_hal_gpio.c...
compiling stm32f1xx_hal_adc_ex.c...
compiling stm32f1xx_hal_rcc.c...
compiling stm32f1xx_hal_adc.c...
compiling stm32f1xx_hal_dma.c...
compiling stm32f1xx_hal_tim.c...
compiling stm32f1xx_hal_uart.c...
compiling stm32f1xx_hal_tim_ex.c...
compiling system_stm32f1xx.c...
"infantry1\infantry1.axf" - 32 Error(s), 0 Warning(s).
Target not created.
Build Time Elapsed:  00:00:03
